<?xml version="1.0" encoding="UTF-8"?>
<!-- Generated by org.testng.reporters.JUnitXMLReporter -->
<testsuite ignored="0" hostname="LAPTOP-6QQEO4PS" failures="1" tests="2" name="Submit Order Test" time="19.933" errors="0" timestamp="2024-07-03T19:45:04 EDT">
  <testcase classname="ankitframework.SeleniumFrameworkDesign.SubmitOrderTest" name="submitOrder" time="14.119">
    <failure type="java.lang.IllegalArgumentException" message="Can not set com.sun.tools.javac.util.List field ankitframeworkSeleniumFrameworkDesign.pageobjects.CartPage.cartProducts to jdk.proxy2.$Proxy14">
      <![CDATA[java.lang.IllegalArgumentException: Can not set com.sun.tools.javac.util.List field ankitframeworkSeleniumFrameworkDesign.pageobjects.CartPage.cartProducts to jdk.proxy2.$Proxy14
at org.openqa.selenium.support.PageFactory.proxyFields(PageFactory.java:113)
at org.openqa.selenium.support.PageFactory.initElements(PageFactory.java:101)
at org.openqa.selenium.support.PageFactory.initElements(PageFactory.java:88)
at org.openqa.selenium.support.PageFactory.initElements(PageFactory.java:76)
at ankitframeworkSeleniumFramework.AbstractComponents.AbstractComponent.<init>(AbstractComponent.java:22)
at ankitframeworkSeleniumFrameworkDesign.pageobjects.CartPage.<init>(CartPage.java:22)
at ankitframeworkSeleniumFramework.AbstractComponents.AbstractComponent.goToCartPage(AbstractComponent.java:48)
at ankitframework.SeleniumFrameworkDesign.SubmitOrderTest.submitOrder(SubmitOrderTest.java:39)
at java.base/java.util.ArrayList.forEach(ArrayList.java:1511)
at java.base/java.util.concurrent.FutureTask.run(FutureTask.java:264)
at java.base/java.util.concurrent.ThreadPoolExecutor.runWorker(ThreadPoolExecutor.java:1136)
at java.base/java.util.concurrent.ThreadPoolExecutor$Worker.run(ThreadPoolExecutor.java:635)
at java.base/java.lang.Thread.run(Thread.java:833)
... Removed 22 stack frames]]>
    </failure>
  </testcase> <!-- submitOrder -->
  <testcase classname="ankitframework.SeleniumFrameworkDesign.SubmitOrderTest" name="OrderHistoryTest" time="0.0">
    <skipped/>
  </testcase> <!-- OrderHistoryTest -->
</testsuite> <!-- Submit Order Test -->
